Arguments: 
  C:\Program Files\nodejs\node.exe C:\Program Files (x86)\Yarn\bin\yarn.js add @emotion/react @emotion/styled

PATH: 
  C:\Program Files\Git\mingw64\bin;C:\Program Files\Git\usr\bin;C:\Users\NOMAN\bin;C:\Program Files (x86)\Common Files\Oracle\Java\javapath;C:\WINDOWS\system32;C:\WINDOWS;C:\WINDOWS\System32\Wbem;C:\WINDOWS\System32\WindowsPowerShell\v1.0;C:\WINDOWS\System32\OpenSSH;C:\Program Files\Git\cmd;C:\Program Files (x86)\Yarn\bin;C:\Program Files\nodejs;C:\Program Files\Microsoft SQL Server\150\Tools\Binn;C:\Program Files\Microsoft SQL Server\Client SDK\ODBC\170\Tools\Binn;C:\Program Files\dotnet;C:\Users\NOMAN\AppData\Local\Programs\Eclipse Adoptium\jdk-17.0.1.12-hotspot\bin;C:\Users\NOMAN\AppData\Local\Programs\Python\Python310\Scripts;C:\Users\NOMAN\AppData\Local\Programs\Python\Python310;C:\Users\NOMAN\AppData\Local\Microsoft\WindowsApps;C:\Users\NOMAN\AppData\Local\Programs\Microsoft VS Code\bin;C:\Users\NOMAN\AppData\Local\GitHubDesktop\bin;C:\Users\NOMAN\AppData\Local\Yarn\bin;C:\Users\NOMAN\AppData\Roaming\npm;C:\Users\NOMAN\.dotnet\tools

Yarn version: 
  1.22.5

Node version: 
  17.3.0

Platform: 
  win32 x64

Trace: 
  Error: EPERM: operation not permitted, unlink 'C:\Users\NOMAN\Desktop\gastby-typescript\Styled-Component\node_modules\@parcel\fs-search\fs-search.win32-x64-msvc.node'

npm manifest: 
  {
    "name": "style-component",
    "version": "1.0.0",
    "private": true,
    "description": "style-component",
    "author": "Syed-Hasnain-Askari",
    "keywords": [
      "gatsby"
    ],
    "scripts": {
      "develop": "gatsby develop",
      "start": "gatsby develop",
      "build": "gatsby build",
      "serve": "gatsby serve",
      "clean": "gatsby clean",
      "typecheck": "tsc --noEmit"
    },
    "dependencies": {
      "@mui/icons-material": "^5.5.1",
      "babel-plugin-styled-components": "^2.0.6",
      "gatsby": "^4.10.3",
      "gatsby-plugin-image": "^2.10.1",
      "gatsby-plugin-sharp": "^4.10.2",
      "gatsby-plugin-styled-components": "^5.10.0",
      "gatsby-source-filesystem": "^4.10.1",
      "gatsby-transformer-sharp": "^4.10.0",
      "react": "^17.0.1",
      "react-dom": "^17.0.1",
      "styled-components": "^5.3.5"
    },
    "devDependencies": {
      "@types/node": "^17.0.23",
      "@types/react": "^17.0.43",
      "@types/react-dom": "^17.0.14",
      "@types/styled-components": "^5.1.24",
      "typescript": "^4.6.3"
    }
  }

yarn manifest: 
  No manifest

Lockfile: 
  No lockfile
